[2023-04-08 18:59:07.882] [error] /home/wufang/Desktop/father/father1/dist_electron /home/wufang/Desktop/father/father1/public
[2023-04-08 18:59:50.871] [error] xhdxhd
[2023-04-08 19:00:02.768] [error] /home/wufang/Desktop/father/father1/dist_electron
[2023-04-08 19:00:14.859] [error] /home/wufang/Desktop/father/father1/public
[2023-04-08 19:01:05.479] [error] /home/wufang/Desktop/father/father1/public
[2023-04-08 19:04:24.959] [error] /home/wufang/Desktop/father/father1/public
[2023-04-08 19:07:21.409] [error] /home/wufang/Desktop/father/father1/public
[2023-04-08 19:07:50.030] [error] /home/wufang/Desktop/father/father1/public
[2023-04-08 19:09:50.563] [error] /home/wufang/Desktop/father/father1/public
[2023-04-08 19:09:50.566] [error] /home/wufang/Desktop/father/father1/public/preload.js
[2023-04-08 19:12:07.725] [error] /home/wufang/Desktop/father/father1/public
[2023-04-08 19:12:07.727] [error] /home/wufang/Desktop/father/father1/public/preload.js
[2023-04-08 19:14:32.750] [error] /home/wufang/Desktop/father/father1/public
[2023-04-08 19:14:32.752] [error] /home/wufang/Desktop/father/father1/public/preload.js
[2023-04-08 19:15:10.215] [error] /home/wufang/Desktop/father/father1/public
[2023-04-08 19:15:10.218] [error] /home/wufang/Desktop/father/father1/public/preload.js
[2023-04-08 19:19:43.724] [error] /home/wufang/Desktop/father/father1/public
[2023-04-08 19:19:43.727] [error] /home/wufang/Desktop/father/father1/public/preload.js
[2023-04-08 19:20:44.909] [error] /home/wufang/Desktop/father/father1/public
[2023-04-08 19:20:44.911] [error] /home/wufang/Desktop/father/father1/public/preload.js
[2023-04-08 19:23:40.766] [error] /home/wufang/Desktop/father/father1/public
[2023-04-08 19:23:40.769] [error] /home/wufang/Desktop/father/father1/public/preload.js
[2023-04-08 19:24:58.399] [error] /home/wufang/Desktop/father/father1/public
[2023-04-08 19:24:58.402] [error] /home/wufang/Desktop/father/father1/public/preload.js
[2023-04-08 19:26:00.762] [error] /home/wufang/Desktop/father/father1/public
[2023-04-08 19:26:00.766] [error] /home/wufang/Desktop/father/father1/public/preload.js
[2023-04-08 19:26:27.935] [error] /home/wufang/Desktop/father/father1/public
[2023-04-08 19:26:27.939] [error] /home/wufang/Desktop/father/father1/public/preload.js
[2023-04-08 19:27:57.882] [error] /home/wufang/Desktop/father/father1/public
[2023-04-08 19:27:57.886] [error] /home/wufang/Desktop/father/father1/public/preload.js
[2023-04-08 19:32:45.464] [error] /home/wufang/Desktop/father/father1/public
[2023-04-08 19:32:45.468] [error] /home/wufang/Desktop/father/father1/public/preload.js
[2023-04-08 19:33:26.217] [error] /home/wufang/Desktop/father/father1/public
[2023-04-08 19:33:26.221] [error] /home/wufang/Desktop/father/father1/public/preload.js
[2023-04-08 19:42:24.057] [error] /home/wufang/Desktop/father/father1/public
[2023-04-08 19:42:24.060] [error] /home/wufang/Desktop/father/father1/public/preload.js
[2023-04-08 19:44:37.489] [error] /home/wufang/Desktop/father/father1/public
[2023-04-08 19:44:37.492] [error] /home/wufang/Desktop/father/father1/public/preload.js
[2023-04-08 19:45:27.062] [error] /home/wufang/Desktop/father/father1/public
[2023-04-08 19:45:27.066] [error] /home/wufang/Desktop/father/father1/public/preload.js
[2023-04-08 19:45:32.402] [error] 123
[2023-04-08 19:45:41.025] [error] 123
[2023-04-08 19:45:41.187] [error] 123
[2023-04-08 19:45:41.360] [error] 123
[2023-04-08 19:45:41.513] [error] 123
[2023-04-08 19:45:41.685] [error] 123
[2023-04-08 19:45:41.871] [error] 123
[2023-04-08 19:45:58.569] [error] /home/wufang/Desktop/father/father1/public
[2023-04-08 19:45:58.573] [error] /home/wufang/Desktop/father/father1/public/preload.js
[2023-04-08 19:49:20.786] [error] /home/wufang/Desktop/father/father1/public
[2023-04-08 19:49:20.789] [error] /home/wufang/Desktop/father/father1/public/preload.js
[2023-04-08 19:50:39.731] [error] /home/wufang/Desktop/father/father1/public ../../
[2023-04-08 19:50:39.821] [error] /home/wufang/Desktop/father/father1/public
[2023-04-08 19:50:39.822] [error] /home/wufang/Desktop/father/father1/public/preload.js
[2023-04-08 19:51:45.722] [error] /home/wufang/Desktop/father/
[2023-04-08 19:51:45.822] [error] /home/wufang/Desktop/father/father1/public
[2023-04-08 19:51:45.822] [error] /home/wufang/Desktop/father/father1/public/preload.js
[2023-04-08 19:59:11.986] [error] /home/wufang/Desktop/father/father1/public
[2023-04-08 19:59:11.989] [error] /home/wufang/Desktop/father/father1/public/preload.js
[2023-04-08 19:59:35.593] [error] /home/wufang/Desktop/father/father1/public
[2023-04-08 19:59:35.596] [error] /home/wufang/Desktop/father/father1/public/preload.js
[2023-04-08 20:03:48.239] [error] /home/wufang/Desktop/father/father1/public
[2023-04-08 20:03:48.242] [error] /home/wufang/Desktop/father/father1/public/preload.js
[2023-04-08 20:05:00.827] [error] /home/wufang/Desktop/father/father1/public
[2023-04-08 20:05:00.830] [error] /home/wufang/Desktop/father/father1/public/preload.js
[2023-04-08 20:05:33.358] [error] /home/wufang/Desktop/father/father1/public
[2023-04-08 20:05:33.360] [error] /home/wufang/Desktop/father/father1/public/preload.js
